<?xml version="1.0" encoding="UTF-8"?>
<!-- Generated by org.testng.reporters.JUnitReportReporter -->
<testsuite hostname="HP" failures="0" tests="4" name="com.Annotation.example.CustomerModule2Ex" time="0.010" errors="0" timestamp="2023-05-04T08:29:02 IST" skipped="0">
  <testcase classname="com.Annotation.example.CustomerModule2Ex" name="registerCustomer" time="0.002"/>
  <system-out>
    <![CDATA[registerCustomer]]>
  </system-out>
  <testcase classname="com.Annotation.example.CustomerModule2Ex" name="deleteCustomer" time="0.006"/>
  <system-out>
    <![CDATA[deleteCustomer]]>
  </system-out>
  <testcase classname="com.Annotation.example.CustomerModule2Ex" name="editCustomer" time="0.001"/>
  <system-out>
    <![CDATA[editCustomer]]>
  </system-out>
  <testcase classname="com.Annotation.example.CustomerModule2Ex" name="editCustomer" time="0.001"/>
  <system-out>
    <![CDATA[editCustomer]]>
  </system-out>
</testsuite> <!-- com.Annotation.example.CustomerModule2Ex -->
