<?xml version="1.0" encoding="UTF-8"?>
<!-- Generated by org.testng.reporters.JUnitReportReporter -->
<testsuite hostname="HP" failures="0" tests="1" name="com.actitime1.assertion.AssertHardAssert" time="6.307" errors="0" timestamp="2023-05-12T14:16:54 IST" skipped="0">
  <testcase classname="com.actitime1.assertion.AssertHardAssert" name="getTitle" time="6.307"/>
  <system-out/>
</testsuite> <!-- com.actitime1.assertion.AssertHardAssert -->
