<?xml version="1.0" encoding="UTF-8"?>
<!-- Generated by org.testng.reporters.JUnitReportReporter -->
<testsuite hostname="HP" failures="0" tests="3" name="com.Annotation.example.CustomerModule" time="0.019" errors="0" timestamp="2023-05-03T08:20:53 IST" skipped="0">
  <testcase classname="com.Annotation.example.CustomerModule" name="createCustomer" time="0.017"/>
  <system-out>
    <![CDATA[createCustomer]]>
  </system-out>
  <testcase classname="com.Annotation.example.CustomerModule" name="deleteCustomer" time="0.001"/>
  <system-out>
    <![CDATA[deleteCustomer]]>
  </system-out>
  <testcase classname="com.Annotation.example.CustomerModule" name="deleteCustomer" time="0.001"/>
  <system-out>
    <![CDATA[deleteCustomer]]>
  </system-out>
</testsuite> <!-- com.Annotation.example.CustomerModule -->
