<?xml version="1.0" encoding="UTF-8"?>
<!-- Generated by org.testng.reporters.JUnitReportReporter -->
<testsuite hostname="HP" failures="0" tests="2" name="com.actitime.testscript.TestDemo" time="0.009" errors="0" timestamp="2023-04-27T21:51:34 IST" skipped="1">
  <testcase classname="com.actitime.testscript.TestDemo" name="modifyCustomer" time="0.009"/>
  <system-out>
    <![CDATA[radhika]]>
  </system-out>
  <testcase classname="com.actitime.testscript.TestDemo" name="createCustomer">
    <skipped/>
  </testcase> <!-- createCustomer -->
  <system-out/>
</testsuite> <!-- com.actitime.testscript.TestDemo -->
