<?xml version="1.0" encoding="UTF-8"?>
<!-- Generated by org.testng.reporters.JUnitReportReporter -->
<testsuite hostname="HP" failures="0" tests="3" name="com.actitime.testscript.ProjectModule" time="0.010" errors="0" timestamp="2023-04-30T08:08:31 IST" skipped="0">
  <testcase classname="com.actitime.testscript.ProjectModule" name="deleteProject" time="0.001"/>
  <system-out>
    <![CDATA[DeleteProject]]>
  </system-out>
  <testcase classname="com.actitime.testscript.ProjectModule" name="createProject" time="0.008"/>
  <system-out>
    <![CDATA[CreateProject]]>
  </system-out>
  <testcase classname="com.actitime.testscript.ProjectModule" name="modifierProject" time="0.001"/>
  <system-out>
    <![CDATA[ModifierProject]]>
  </system-out>
</testsuite> <!-- com.actitime.testscript.ProjectModule -->
