<?xml version="1.0" encoding="UTF-8"?>
<!-- Generated by org.testng.reporters.JUnitReportReporter -->
<testsuite hostname="HP" failures="0" tests="1" name="com.actitime.testscript.DemoTest" time="0.001" errors="0" timestamp="2023-04-27T19:24:20 IST" skipped="0">
  <testcase classname="com.actitime.testscript.DemoTest" name="test" time="0.001"/>
  <system-out>
    <![CDATA[Bye]]>
  </system-out>
</testsuite> <!-- com.actitime.testscript.DemoTest -->
