<?xml version="1.0" encoding="UTF-8"?>
<!-- Generated by org.testng.reporters.JUnitReportReporter -->
<testsuite hostname="HP" failures="0" tests="1" name="Screenshot.TakeScreenshotExActi" time="60.337" errors="0" timestamp="2023-05-07T19:19:05 IST" skipped="0">
  <testcase classname="Screenshot.TakeScreenshotExActi" name="screenshot" time="60.337"/>
  <system-out/>
</testsuite> <!-- Screenshot.TakeScreenshotExActi -->
