<?xml version="1.0" encoding="UTF-8"?>
<!-- Generated by org.testng.reporters.JUnitReportReporter -->
<testsuite hostname="HP" failures="0" tests="1" name="com.acttitme.mock1.AllTheLinksInAmazon" time="20.556" errors="0" timestamp="2023-05-17T12:07:24 IST" skipped="0">
  <testcase classname="com.acttitme.mock1.AllTheLinksInAmazon" name="getLInks" time="20.556"/>
  <system-out/>
</testsuite> <!-- com.acttitme.mock1.AllTheLinksInAmazon -->
