<?xml version="1.0" encoding="UTF-8"?>
<!-- Generated by org.testng.reporters.JUnitReportReporter -->
<testsuite hostname="HP" failures="0" tests="1" name="Screenshot.DemoScreenshot" time="5.275" errors="0" timestamp="2023-05-07T19:03:20 IST" skipped="0">
  <testcase classname="Screenshot.DemoScreenshot" name="screenShot" time="5.275"/>
  <system-out/>
</testsuite> <!-- Screenshot.DemoScreenshot -->
