<?xml version="1.0" encoding="UTF-8"?>
<!-- Generated by org.testng.reporters.JUnitReportReporter -->
<testsuite hostname="HP" failures="0" tests="3" name="com.actitime.testscript.TaskModule" time="0.002" errors="0" timestamp="2023-04-30T08:08:31 IST" skipped="0">
  <testcase classname="com.actitime.testscript.TaskModule" name="createTask" time="0.000"/>
  <system-out>
    <![CDATA[CreateTask]]>
  </system-out>
  <testcase classname="com.actitime.testscript.TaskModule" name="modifierTask" time="0.001"/>
  <system-out>
    <![CDATA[ModifierTask]]>
  </system-out>
  <testcase classname="com.actitime.testscript.TaskModule" name="deleteTask" time="0.001"/>
  <system-out>
    <![CDATA[DeleteTask]]>
  </system-out>
</testsuite> <!-- com.actitime.testscript.TaskModule -->
