<?xml version="1.0" encoding="UTF-8"?>
<!-- Generated by org.testng.reporters.JUnitReportReporter -->
<testsuite hostname="HP" failures="0" tests="1" name="com.acttitme.mock1.TestMethodCls" time="31.789" errors="0" timestamp="2023-05-16T11:12:13 IST" skipped="0">
  <testcase classname="com.acttitme.mock1.TestMethodCls" name="validLogin" time="31.789"/>
  <system-out/>
</testsuite> <!-- com.acttitme.mock1.TestMethodCls -->
