<?xml version="1.0" encoding="UTF-8"?>
<!-- Generated by org.testng.reporters.JUnitReportReporter -->
<testsuite hostname="HP" failures="0" tests="1" name="com.actitime1.assertion.Assertion2" time="0.009" errors="0" timestamp="2023-04-30T08:23:59 IST" skipped="0">
  <testcase classname="com.actitime1.assertion.Assertion2" name="createUpendra" time="0.009"/>
  <system-out>
    <![CDATA[Upendra]]>
  </system-out>
</testsuite> <!-- com.actitime1.assertion.Assertion2 -->
