<?xml version="1.0" encoding="UTF-8"?>
<!-- Generated by org.testng.reporters.JUnitReportReporter -->
<testsuite hostname="HP" failures="0" tests="1" name="com.actitime.mock.LoginToActtimeUsingJavascript" time="116.947" errors="0" timestamp="2023-05-15T14:49:16 IST" skipped="0">
  <testcase classname="com.actitime.mock.LoginToActtimeUsingJavascript" name="Login" time="116.947"/>
  <system-out/>
</testsuite> <!-- com.actitime.mock.LoginToActtimeUsingJavascript -->
