<?xml version="1.0" encoding="UTF-8"?>
<!-- Generated by org.testng.reporters.JUnitReportReporter -->
<testsuite hostname="HP" failures="0" tests="1" name="com.acttitme.mock1.AutoSuggestions" time="2.630" errors="0" timestamp="2023-05-17T12:21:42 IST" skipped="0">
  <testcase classname="com.acttitme.mock1.AutoSuggestions" name="printAutoSuggestions" time="2.630"/>
  <system-out>
    <![CDATA[selenium python
selenium dev
selenium webdriver
selenium tutorial
selenium testing
selenium ide
selenium download
selenium rich foods
selenium interview questions
selenium]]>
  </system-out>
</testsuite> <!-- com.acttitme.mock1.AutoSuggestions -->
