<?xml version="1.0" encoding="UTF-8"?>
<!-- Generated by org.testng.reporters.JUnitReportReporter -->
<testsuite hostname="HP" failures="0" tests="1" name="com.acttitme.mock1.WriteDatIntoExcel" time="0.939" errors="0" timestamp="2023-05-17T12:31:41 IST" skipped="0">
  <testcase classname="com.acttitme.mock1.WriteDatIntoExcel" name="writeDataToExcel" time="0.939"/>
  <system-out/>
</testsuite> <!-- com.acttitme.mock1.WriteDatIntoExcel -->
