<?xml version="1.0" encoding="UTF-8"?>
<!-- Generated by org.testng.reporters.JUnitReportReporter -->
<testsuite hostname="HP" failures="0" tests="1" name="com.BaseClass.Ex.CustomerModule" time="0.371" errors="0" timestamp="2023-05-07T18:51:53 IST" skipped="0">
  <testcase classname="com.BaseClass.Ex.CustomerModule" name="createCustomer" time="0.371"/>
  <system-out>
    <![CDATA[createCustomer]]>
  </system-out>
</testsuite> <!-- com.BaseClass.Ex.CustomerModule -->
